[2025-01-11 03:30:57,161: INFO: common: yaml file: config.yaml loaded successfully]
[2025-01-11 03:30:57,169: INFO: common: created directory at: artifacts]
[2025-01-11 03:30:57,171: INFO: common: created directory at: artifacts/data_ingestion]
[2025-01-11 03:31:03,999: INFO: common: yaml file: config.yaml loaded successfully]
[2025-01-11 03:31:04,008: INFO: common: created directory at: artifacts]
[2025-01-11 03:31:04,013: INFO: common: created directory at: artifacts/data_ingestion]
[2025-01-11 03:37:05,858: INFO: main: >>>>>> stage Data Ingestion started <<<<<<]
[2025-01-11 03:37:05,860: INFO: common: yaml file: config.yaml loaded successfully]
[2025-01-11 03:37:05,862: INFO: common: created directory at: artifacts]
[2025-01-11 03:37:05,863: INFO: common: created directory at: artifacts/data_ingestion]
[2025-01-11 03:37:21,607: INFO: main: >>>>>> stage Data Ingestion completed <<<<<<

x==========x]
[2025-01-11 04:11:55,981: INFO: common: yaml file: config.yaml loaded successfully]
[2025-01-11 04:11:55,992: INFO: common: created directory at: artifacts/data_cleaning]
[2025-01-11 04:11:55,994: INFO: common: created directory at: artifacts/main_data]
[2025-01-11 04:12:37,619: INFO: common: yaml file: config.yaml loaded successfully]
[2025-01-11 04:12:37,624: INFO: common: created directory at: artifacts/data_cleaning]
[2025-01-11 04:12:37,626: INFO: common: created directory at: artifacts/main_data]
[2025-01-11 04:12:40,835: INFO: common: yaml file: config.yaml loaded successfully]
[2025-01-11 04:12:40,838: INFO: common: created directory at: artifacts/data_cleaning]
[2025-01-11 04:12:40,839: INFO: common: created directory at: artifacts/main_data]
[2025-01-11 04:13:30,255: INFO: common: yaml file: config.yaml loaded successfully]
[2025-01-11 04:13:30,260: INFO: common: created directory at: artifacts/data_cleaning]
[2025-01-11 04:13:30,261: INFO: common: created directory at: artifacts/main_data]
[2025-01-11 04:13:55,962: INFO: common: yaml file: config.yaml loaded successfully]
[2025-01-11 04:13:55,963: INFO: common: created directory at: artifacts/data_cleaning]
[2025-01-11 04:13:55,964: INFO: common: created directory at: artifacts/main_data]
[2025-01-11 04:14:25,802: INFO: common: yaml file: config.yaml loaded successfully]
[2025-01-11 04:14:25,805: INFO: common: created directory at: artifacts/data_cleaning]
[2025-01-11 04:14:25,811: INFO: common: created directory at: artifacts/main_data]
[2025-01-11 04:20:06,417: INFO: main: >>>>>> stage Data Ingestion started <<<<<<]
[2025-01-11 04:20:06,419: INFO: common: yaml file: config.yaml loaded successfully]
[2025-01-11 04:20:06,421: INFO: common: created directory at: artifacts]
[2025-01-11 04:20:06,421: INFO: common: created directory at: artifacts/data_ingestion]
[2025-01-11 04:20:22,513: INFO: main: >>>>>> stage Data Ingestion completed <<<<<<

x==========x]
[2025-01-11 04:20:22,513: INFO: main: >>>>>> stage Data Cleaning started <<<<<<]
[2025-01-11 04:20:22,516: INFO: common: yaml file: config.yaml loaded successfully]
[2025-01-11 04:20:22,518: INFO: common: created directory at: artifacts]
[2025-01-11 04:20:22,518: INFO: common: created directory at: artifacts/data_cleaning]
[2025-01-11 04:20:22,518: INFO: common: created directory at: artifacts/main_data]
[2025-01-11 04:20:38,563: INFO: main: >>>>>> stage Data Cleaning completed <<<<<<

x==========x]
[2025-01-11 11:08:07,193: INFO: common: yaml file: config.yaml loaded successfully]
[2025-01-11 11:08:07,201: INFO: common: created directory at: artifacts/preprocessing]
[2025-01-11 11:09:33,253: INFO: common: yaml file: config.yaml loaded successfully]
[2025-01-11 11:09:33,264: INFO: common: created directory at: artifacts/preprocessing]
[2025-01-11 11:22:10,750: INFO: main: >>>>>> stage Data Ingestion started <<<<<<]
[2025-01-11 11:22:10,753: INFO: common: yaml file: config.yaml loaded successfully]
[2025-01-11 11:22:10,755: INFO: common: created directory at: artifacts]
[2025-01-11 11:22:10,755: INFO: common: created directory at: artifacts/data_ingestion]
[2025-01-11 11:22:26,780: INFO: main: >>>>>> stage Data Ingestion completed <<<<<<

x==========x]
[2025-01-11 11:22:26,781: INFO: main: >>>>>> stage Data Cleaning started <<<<<<]
[2025-01-11 11:22:26,786: INFO: common: yaml file: config.yaml loaded successfully]
[2025-01-11 11:22:26,793: INFO: common: created directory at: artifacts]
[2025-01-11 11:22:26,793: INFO: common: created directory at: artifacts/data_cleaning]
[2025-01-11 11:22:26,794: INFO: common: created directory at: artifacts/main_data]
[2025-01-11 11:22:41,970: INFO: main: >>>>>> stage Data Cleaning completed <<<<<<

x==========x]
[2025-01-11 11:22:41,971: INFO: main: >>>>>> stage PreProcessing started <<<<<<]
[2025-01-11 11:22:41,974: INFO: common: yaml file: config.yaml loaded successfully]
[2025-01-11 11:22:41,974: INFO: common: created directory at: artifacts]
[2025-01-11 11:22:41,975: INFO: common: created directory at: artifacts/preprocessing]
[2025-01-11 11:23:23,140: INFO: main: >>>>>> stage PreProcessing completed <<<<<<

x==========x]
[2025-01-11 13:48:41,161: INFO: common: yaml file: config.yaml loaded successfully]
[2025-01-11 13:48:41,266: INFO: common: created directory at: artifacts/model_trainer]
[2025-01-11 13:50:04,745: INFO: common: yaml file: config.yaml loaded successfully]
[2025-01-11 13:50:04,762: INFO: common: created directory at: artifacts/model_trainer]
[2025-01-11 13:50:42,342: INFO: common: yaml file: config.yaml loaded successfully]
[2025-01-11 13:50:42,347: INFO: common: created directory at: artifacts/model_trainer]
[2025-01-11 13:51:06,926: INFO: common: yaml file: config.yaml loaded successfully]
[2025-01-11 13:51:06,928: INFO: common: created directory at: artifacts/model_trainer]
[2025-01-11 13:55:27,017: INFO: main: >>>>>> stage Data Ingestion started <<<<<<]
[2025-01-11 13:55:27,020: INFO: common: yaml file: config.yaml loaded successfully]
[2025-01-11 13:55:27,022: INFO: common: created directory at: artifacts]
[2025-01-11 13:55:27,022: INFO: common: created directory at: artifacts/data_ingestion]
[2025-01-11 13:55:44,106: INFO: main: >>>>>> stage Data Ingestion completed <<<<<<

x==========x]
[2025-01-11 13:55:44,107: INFO: main: >>>>>> stage Data Cleaning started <<<<<<]
[2025-01-11 13:55:44,111: INFO: common: yaml file: config.yaml loaded successfully]
[2025-01-11 13:55:44,113: INFO: common: created directory at: artifacts]
[2025-01-11 13:55:44,113: INFO: common: created directory at: artifacts/data_cleaning]
[2025-01-11 13:55:44,113: INFO: common: created directory at: artifacts/main_data]
[2025-01-11 13:55:59,375: INFO: main: >>>>>> stage Data Cleaning completed <<<<<<

x==========x]
[2025-01-11 13:55:59,375: INFO: main: >>>>>> stage PreProcessing started <<<<<<]
[2025-01-11 13:55:59,380: INFO: common: yaml file: config.yaml loaded successfully]
[2025-01-11 13:55:59,386: INFO: common: created directory at: artifacts]
[2025-01-11 13:55:59,387: INFO: common: created directory at: artifacts/preprocessing]
[2025-01-11 13:56:45,568: INFO: main: >>>>>> stage PreProcessing completed <<<<<<

x==========x]
[2025-01-11 13:56:45,569: INFO: main: >>>>>> stage Model Training started <<<<<<]
[2025-01-11 13:56:45,584: INFO: common: yaml file: config.yaml loaded successfully]
[2025-01-11 13:56:45,585: INFO: common: created directory at: artifacts]
[2025-01-11 13:56:45,586: INFO: common: created directory at: artifacts/model_trainer]
[2025-01-11 13:56:56,894: INFO: main: >>>>>> stage Model Training completed <<<<<<

x==========x]
